<?xml version="1.0" encoding="UTF-8"?>
<!-- Generated by org.testng.reporters.JUnitReportReporter -->
<testsuite skipped="0" hostname="LAPTOP-HM1EOULJ" name="testRunner" tests="1" failures="0" timestamp="24 Oct 2018 12:23:37 GMT" time="3.676" errors="0">
  <testcase name="SoapTest" time="3.676" classname="testRunner"/>
</testsuite> <!-- testRunner -->
