<?xml version="1.0" encoding="UTF-8"?>
<!-- Generated by org.testng.reporters.JUnitReportReporter -->
<testsuite skipped="0" hostname="LAPTOP-HM1EOULJ" name="Soap.testRunner2" tests="1" failures="0" timestamp="25 Oct 2018 09:48:01 GMT" time="0.168" errors="0">
  <testcase name="singleTest" time="0.168" classname="Soap.testRunner2"/>
</testsuite> <!-- Soap.testRunner2 -->
