<?xml version="1.0" encoding="UTF-8"?>
<!-- Generated by org.testng.reporters.JUnitReportReporter -->
<testsuite skipped="0" hostname="LAPTOP-HM1EOULJ" name="Rest.restRunner2" tests="1" failures="0" timestamp="25 Oct 2018 09:48:01 GMT" time="1.162" errors="0">
  <testcase name="RestTest2" time="1.162" classname="Rest.restRunner2"/>
</testsuite> <!-- Rest.restRunner2 -->
