<?xml version="1.0" encoding="UTF-8"?>
<!-- Generated by org.testng.reporters.JUnitReportReporter -->
<testsuite skipped="0" hostname="LAPTOP-HM1EOULJ" name="restRunner2" tests="1" failures="0" timestamp="24 Oct 2018 14:44:22 GMT" time="5.323" errors="0">
  <testcase name="RestTest2" time="5.323" classname="restRunner2"/>
</testsuite> <!-- restRunner2 -->
