<?xml version="1.0" encoding="UTF-8"?>
<!-- Generated by org.testng.reporters.JUnitReportReporter -->
<testsuite skipped="0" hostname="LAPTOP-HM1EOULJ" name="testRunner2" tests="1" failures="0" timestamp="24 Oct 2018 14:02:18 GMT" time="5.663" errors="0">
  <testcase name="singleTest" time="5.663" classname="testRunner2"/>
</testsuite> <!-- testRunner2 -->
