<?xml version="1.0" encoding="UTF-8"?>
<!-- Generated by org.testng.reporters.JUnitReportReporter -->
<testsuite skipped="0" hostname="LAPTOP-HM1EOULJ" name="Soap.testRunner" tests="1" failures="0" timestamp="25 Oct 2018 09:48:01 GMT" time="1.470" errors="0">
  <testcase name="SoapTest" time="1.470" classname="Soap.testRunner"/>
</testsuite> <!-- Soap.testRunner -->
