<?xml version="1.0" encoding="UTF-8"?>
<!-- Generated by org.testng.reporters.JUnitReportReporter -->
<testsuite skipped="0" hostname="LAPTOP-HM1EOULJ" name="restRunner" tests="1" failures="0" timestamp="24 Oct 2018 14:10:12 GMT" time="5.136" errors="0">
  <testcase name="RestTest" time="5.136" classname="restRunner"/>
</testsuite> <!-- restRunner -->
